In file included from [01m[K/opt/ros/kinetic/include/ros/ros.h:40:0[m[K,
                 from [01m[K/home/chris/catkin_ws/src/fireflycontrol/src/control.cpp:1[m[K:
[01m[K/home/chris/catkin_ws/src/fireflycontrol/src/control.cpp:[m[K In function â€˜[01m[Kvoid Callback(const ConstPtr&)[m[Kâ€™:
[01m[K/opt/ros/kinetic/include/ros/console.h:346:176:[m[K [01;35m[Kwarning: [m[Kformat â€˜[01m[K%f[m[Kâ€™ expects argument of type â€˜[01m[Kdouble[m[Kâ€™, but argument 8 has type â€˜[01m[Kconst _position_type {aka const geometry_msgs::Point_<std::allocator<void> >}[m[Kâ€™ [-Wformat=]
     ::ros::console::print(filter, __rosconsole_define_location__loc.logger_, __rosconsole_define_location__loc.level_, __FILE__, __LINE__, __ROSCONSOLE_FUNCTION__, __VA_ARGS__)
[01;32m[K                                                                                                                                                                                ^[m[K
[01m[K/opt/ros/kinetic/include/ros/console.h:349:5:[m[K [01;36m[Knote: [m[Kin expansion of macro â€˜[01m[KROSCONSOLE_PRINT_AT_LOCATION_WITH_FILTER[m[Kâ€™
     ROSCONSOLE_PRINT_AT_LOCATION_WITH_FILTER(0, __VA_ARGS__)
[01;32m[K     ^[m[K
[01m[K/opt/ros/kinetic/include/ros/console.h:379:7:[m[K [01;36m[Knote: [m[Kin expansion of macro â€˜[01m[KROSCONSOLE_PRINT_AT_LOCATION[m[Kâ€™
       ROSCONSOLE_PRINT_AT_LOCATION(__VA_ARGS__); \
[01;32m[K       ^[m[K
[01m[K/opt/ros/kinetic/include/ros/console.h:561:35:[m[K [01;36m[Knote: [m[Kin expansion of macro â€˜[01m[KROS_LOG_COND[m[Kâ€™
 #define ROS_LOG(level, name, ...) ROS_LOG_COND(true, level, name, __VA_ARGS__)
[01;32m[K                                   ^[m[K
[01m[K/opt/ros/kinetic/include/rosconsole/macros_generated.h:110:23:[m[K [01;36m[Knote: [m[Kin expansion of macro â€˜[01m[KROS_LOG[m[Kâ€™
 #define ROS_INFO(...) ROS_LOG(::ros::console::levels::Info, ROSCONSOLE_DEFAULT_NAME, __VA_ARGS__)
[01;32m[K                       ^[m[K
[01m[K/home/chris/catkin_ws/src/fireflycontrol/src/control.cpp:10:3:[m[K [01;36m[Knote: [m[Kin expansion of macro â€˜[01m[KROS_INFO[m[Kâ€™
   ROS_INFO("I heard: [%f]", msg->position);
[01;32m[K   ^[m[K
[01m[K/home/chris/catkin_ws/src/fireflycontrol/src/control.cpp:[m[K At global scope:
[01m[K/home/chris/catkin_ws/src/fireflycontrol/src/control.cpp:18:1:[m[K [01;31m[Kerror: [m[Kexpected â€˜[01m[K)[m[Kâ€™ before â€˜[01m[K{[m[Kâ€™ token
 {
[01;32m[K ^[m[K
[01m[K/home/chris/catkin_ws/src/fireflycontrol/src/control.cpp:[m[K In function â€˜[01m[Kvoid detect(const int (*)(int, char**))[m[Kâ€™:
[01m[K/home/chris/catkin_ws/src/fireflycontrol/src/control.cpp:19:13:[m[K [01;31m[Kerror: [m[Kâ€˜[01m[Kargc[m[Kâ€™ was not declared in this scope
   ros::init(argc, argv, "listener");
[01;32m[K             ^[m[K
[01m[K/home/chris/catkin_ws/src/fireflycontrol/src/control.cpp:19:19:[m[K [01;31m[Kerror: [m[Kâ€˜[01m[Kargv[m[Kâ€™ was not declared in this scope
   ros::init(argc, argv, "listener");
[01;32m[K                   ^[m[K
[01m[K/home/chris/catkin_ws/src/fireflycontrol/src/control.cpp:21:51:[m[K [01;31m[Kerror: [m[Kâ€˜[01m[KchatterCallback[m[Kâ€™ was not declared in this scope
   ros::Subscriber sub = n.subscribe("scan", 1000, chatterCallback);
[01;32m[K                                                   ^[m[K
[01m[K/home/chris/catkin_ws/src/fireflycontrol/src/control.cpp:24:10:[m[K [01;31m[Kerror: [m[Kreturn-statement with a value, in function returning 'void' [-fpermissive]
   return 0;
[01;32m[K          ^[m[K
make[2]: *** [CMakeFiles/control.dir/src/control.cpp.o] Error 1
make[1]: *** [CMakeFiles/control.dir/all] Error 2
make: *** [all] Error 2
